# JRE version: Java(TM) SE Runtime Environment (21.0.1+12) (build 21.0.1+12-LTS-29)
# Java VM: Java HotSpot(TM) 64-Bit Server VM (21.0.1+12-LTS-29, mixed mode, sharing, tiered, compressed oops, compressed class ptrs, g1 gc, windows-amd64)
GC Precious Log:
 CardTable entry size: 512
 Card Set container configuration: InlinePtr #cards 5 size 8 Array Of Cards #cards 12 size 40 Howl #buckets 4 coarsen threshold 1843 Howl Bitmap #cards 512 size 80 coarsen threshold 460 Card regions per heap region 1 cards per card region 2048
 CPUs: 4 total, 4 available
 Memory: 8071M
 Large Page Support: Disabled
 NUMA Support: Disabled
 Compressed Oops: Enabled (32-bit)
 Heap Region Size: 1M
 Heap Min Capacity: 8M
 Heap Initial Capacity: 128M
 Heap Max Capacity: 2018M
 Pre-touch: Disabled
 Parallel Workers: 4
 Concurrent Workers: 1
 Concurrent Refinement Workers: 4
 Periodic GC: Disabled
Heap:
 garbage-first heap   total 176128K, used 121953K [0x0000000081e00000, 0x0000000100000000)
  region size 1024K, 55 young (56320K), 12 survivors (12288K)
 Metaspace       used 141719K, committed 142592K, reserved 1179648K
  class space    used 15822K, committed 16256K, reserved 1048576K
GC Heap History (20 events):
Event: 16804.133 GC heap before
{Heap before GC invocations=168 (full 17):
 garbage-first heap   total 160768K, used 81349K [0x0000000081e00000, 0x0000000100000000)
  region size 1024K, 18 young (18432K), 10 survivors (10240K)
 Metaspace       used 134016K, committed 134912K, reserved 1179648K
  class space    used 15219K, committed 15616K, reserved 1048576K
}
Event: 16804.265 GC heap after
{Heap after GC invocations=169 (full 18):
 garbage-first heap   total 160768K, used 56063K [0x0000000081e00000, 0x0000000100000000)
  region size 1024K, 0 young (0K), 0 survivors (0K)
 Metaspace       used 133923K, committed 134912K, reserved 1179648K
  class space    used 15206K, committed 15616K, reserved 1048576K
}
Event: 16806.032 GC heap before
{Heap before GC invocations=169 (full 18):
 garbage-first heap   total 160768K, used 139007K [0x0000000081e00000, 0x0000000100000000)
  region size 1024K, 82 young (83968K), 0 survivors (0K)
 Metaspace       used 134954K, committed 135808K, reserved 1179648K
  class space    used 15308K, committed 15680K, reserved 1048576K
}
Event: 16806.040 GC heap after
{Heap after GC invocations=170 (full 18):
 garbage-first heap   total 160768K, used 64115K [0x0000000081e00000, 0x0000000100000000)
  region size 1024K, 8 young (8192K), 8 survivors (8192K)
 Metaspace       used 134954K, committed 135808K, reserved 1179648K
  class space    used 15308K, committed 15680K, reserved 1048576K
}
Event: 16813.673 GC heap before
{Heap before GC invocations=171 (full 18):
 garbage-first heap   total 167936K, used 140915K [0x0000000081e00000, 0x0000000100000000)
  region size 1024K, 83 young (84992K), 8 survivors (8192K)
 Metaspace       used 135886K, committed 136704K, reserved 1179648K
  class space    used 15386K, committed 15744K, reserved 1048576K
}
Event: 16813.685 GC heap after
{Heap after GC invocations=172 (full 18):
 garbage-first heap   total 167936K, used 67608K [0x0000000081e00000, 0x0000000100000000)
  region size 1024K, 5 young (5120K), 5 survivors (5120K)
 Metaspace       used 135886K, committed 136704K, reserved 1179648K
  class space    used 15386K, committed 15744K, reserved 1048576K
}
Event: 16814.354 GC heap before
{Heap before GC invocations=172 (full 18):
 garbage-first heap   total 167936K, used 147480K [0x0000000081e00000, 0x0000000100000000)
  region size 1024K, 83 young (84992K), 5 survivors (5120K)
 Metaspace       used 137611K, committed 138432K, reserved 1179648K
  class space    used 15497K, committed 15872K, reserved 1048576K
}
Event: 16814.371 GC heap after
{Heap after GC invocations=173 (full 18):
 garbage-first heap   total 167936K, used 75679K [0x0000000081e00000, 0x0000000100000000)
  region size 1024K, 11 young (11264K), 11 survivors (11264K)
 Metaspace       used 137611K, committed 138432K, reserved 1179648K
  class space    used 15497K, committed 15872K, reserved 1048576K
}
Event: 17101.044 GC heap before
{Heap before GC invocations=173 (full 18):
 garbage-first heap   total 167936K, used 146335K [0x0000000081e00000, 0x0000000100000000)
  region size 1024K, 80 young (81920K), 11 survivors (11264K)
 Metaspace       used 137640K, committed 138432K, reserved 1179648K
  class space    used 15499K, committed 15872K, reserved 1048576K
}
Event: 17101.058 GC heap after
{Heap after GC invocations=174 (full 18):
 garbage-first heap   total 167936K, used 77812K [0x0000000081e00000, 0x0000000100000000)
  region size 1024K, 2 young (2048K), 2 survivors (2048K)
 Metaspace       used 137640K, committed 138432K, reserved 1179648K
  class space    used 15499K, committed 15872K, reserved 1048576K
}
Event: 17383.811 GC heap before
{Heap before GC invocations=175 (full 18):
 garbage-first heap   total 167936K, used 151540K [0x0000000081e00000, 0x0000000100000000)
  region size 1024K, 74 young (75776K), 2 survivors (2048K)
 Metaspace       used 137897K, committed 138752K, reserved 1179648K
  class space    used 15522K, committed 15936K, reserved 1048576K
}
Event: 17383.815 GC heap after
{Heap after GC invocations=176 (full 18):
 garbage-first heap   total 167936K, used 78151K [0x0000000081e00000, 0x0000000100000000)
  region size 1024K, 2 young (2048K), 2 survivors (2048K)
 Metaspace       used 137897K, committed 138752K, reserved 1179648K
  class space    used 15522K, committed 15936K, reserved 1048576K
}
Event: 17581.393 GC heap before
{Heap before GC invocations=176 (full 18):
 garbage-first heap   total 167936K, used 124231K [0x0000000081e00000, 0x0000000100000000)
  region size 1024K, 48 young (49152K), 2 survivors (2048K)
 Metaspace       used 137914K, committed 138752K, reserved 1179648K
  class space    used 15523K, committed 15936K, reserved 1048576K
}
Event: 17581.543 GC heap after
{Heap after GC invocations=177 (full 19):
 garbage-first heap   total 167936K, used 58853K [0x0000000081e00000, 0x0000000100000000)
  region size 1024K, 0 young (0K), 0 survivors (0K)
 Metaspace       used 137841K, committed 138752K, reserved 1179648K
  class space    used 15511K, committed 15936K, reserved 1048576K
}
Event: 17583.532 GC heap before
{Heap before GC invocations=177 (full 19):
 garbage-first heap   total 167936K, used 148965K [0x0000000081e00000, 0x0000000100000000)
  region size 1024K, 89 young (91136K), 0 survivors (0K)
 Metaspace       used 138928K, committed 139776K, reserved 1179648K
  class space    used 15619K, committed 16000K, reserved 1048576K
}
Event: 17583.544 GC heap after
{Heap after GC invocations=178 (full 19):
 garbage-first heap   total 167936K, used 66937K [0x0000000081e00000, 0x0000000100000000)
  region size 1024K, 8 young (8192K), 8 survivors (8192K)
 Metaspace       used 138928K, committed 139776K, reserved 1179648K
  class space    used 15619K, committed 16000K, reserved 1048576K
}
Event: 17591.302 GC heap before
{Heap before GC invocations=179 (full 19):
 garbage-first heap   total 176128K, used 147833K [0x0000000081e00000, 0x0000000100000000)
  region size 1024K, 87 young (89088K), 8 survivors (8192K)
 Metaspace       used 139988K, committed 140864K, reserved 1179648K
  class space    used 15705K, committed 16128K, reserved 1048576K
}
Event: 17591.320 GC heap after
{Heap after GC invocations=180 (full 19):
 garbage-first heap   total 176128K, used 71373K [0x0000000081e00000, 0x0000000100000000)
  region size 1024K, 6 young (6144K), 6 survivors (6144K)
 Metaspace       used 139988K, committed 140864K, reserved 1179648K
  class space    used 15705K, committed 16128K, reserved 1048576K
}
Event: 17618.352 GC heap before
{Heap before GC invocations=180 (full 19):
 garbage-first heap   total 176128K, used 156365K [0x0000000081e00000, 0x0000000100000000)
  region size 1024K, 89 young (91136K), 6 survivors (6144K)
 Metaspace       used 141697K, committed 142592K, reserved 1179648K
  class space    used 15822K, committed 16256K, reserved 1048576K
}
Event: 17618.375 GC heap after
{Heap after GC invocations=181 (full 19):
 garbage-first heap   total 176128K, used 78945K [0x0000000081e00000, 0x0000000100000000)
  region size 1024K, 12 young (12288K), 12 survivors (12288K)
 Metaspace       used 141697K, committed 142592K, reserved 1179648K
  class space    used 15822K, committed 16256K, reserved 1048576K
}

